<?xml version="1.0" encoding="UTF-8"?>
<testng-results total="7" passed="7" failed="0" skipped="0">
  <reporter-output>
  </reporter-output>
  <suite started-at="2024-10-21T12:09:47Z" name="Test Suite for Buildout" finished-at="2024-10-21T12:13:36Z" duration-ms="228876">
    <groups>
    </groups>
    <test started-at="2024-10-21T12:09:47Z" name="Test Cases for Buildout" finished-at="2024-10-21T12:13:36Z" duration-ms="228876">
      <class name="demo.TestCases">
        <test-method is-config="true" signature="startBrowser()[pri:0, instance:demo.TestCases@61884cb1]" started-at="2024-10-21T17:39:47Z" name="startBrowser" finished-at="2024-10-21T17:39:49Z" duration-ms="2541" status="PASS">
          <reporter-output>
          </reporter-output>
        </test-method> <!-- startBrowser -->
        <test-method signature="testCase01()[pri:1, instance:demo.TestCases@61884cb1]" started-at="2024-10-21T17:39:49Z" name="testCase01" finished-at="2024-10-21T17:40:57Z" duration-ms="67362" status="PASS">
          <reporter-output>
          </reporter-output>
        </test-method> <!-- testCase01 -->
        <test-method signature="testCase02()[pri:2, instance:demo.TestCases@61884cb1]" started-at="2024-10-21T17:40:57Z" name="testCase02" finished-at="2024-10-21T17:41:35Z" duration-ms="38469" status="PASS">
          <reporter-output>
          </reporter-output>
        </test-method> <!-- testCase02 -->
        <test-method signature="testCase03()[pri:3, instance:demo.TestCases@61884cb1]" started-at="2024-10-21T17:41:35Z" name="testCase03" finished-at="2024-10-21T17:42:37Z" duration-ms="61375" status="PASS">
          <reporter-output>
          </reporter-output>
        </test-method> <!-- testCase03 -->
        <test-method signature="testCase04()[pri:4, instance:demo.TestCases@61884cb1]" started-at="2024-10-21T17:42:37Z" name="testCase04" finished-at="2024-10-21T17:42:54Z" duration-ms="17376" status="PASS">
          <reporter-output>
          </reporter-output>
        </test-method> <!-- testCase04 -->
        <test-method signature="testCase05(java.lang.String)[pri:5, instance:demo.TestCases@61884cb1]" started-at="2024-10-21T17:42:55Z" name="testCase05" data-provider="excelData" finished-at="2024-10-21T17:43:11Z" duration-ms="15924" status="PASS">
          <params>
            <param index="0">
              <value>
                <![CDATA[Movies]]>
              </value>
            </param>
          </params>
          <reporter-output>
          </reporter-output>
        </test-method> <!-- testCase05 -->
        <test-method signature="testCase05(java.lang.String)[pri:5, instance:demo.TestCases@61884cb1]" started-at="2024-10-21T17:43:11Z" name="testCase05" data-provider="excelData" finished-at="2024-10-21T17:43:22Z" duration-ms="11639" status="PASS">
          <params>
            <param index="0">
              <value>
                <![CDATA[Music]]>
              </value>
            </param>
          </params>
          <reporter-output>
          </reporter-output>
        </test-method> <!-- testCase05 -->
        <test-method signature="testCase05(java.lang.String)[pri:5, instance:demo.TestCases@61884cb1]" started-at="2024-10-21T17:43:22Z" name="testCase05" data-provider="excelData" finished-at="2024-10-21T17:43:35Z" duration-ms="12358" status="PASS">
          <params>
            <param index="0">
              <value>
                <![CDATA[Games]]>
              </value>
            </param>
          </params>
          <reporter-output>
          </reporter-output>
        </test-method> <!-- testCase05 -->
        <test-method is-config="true" signature="endTest()[pri:0, instance:demo.TestCases@61884cb1]" started-at="2024-10-21T17:43:35Z" name="endTest" finished-at="2024-10-21T17:43:36Z" duration-ms="954" status="PASS">
          <reporter-output>
          </reporter-output>
        </test-method> <!-- endTest -->
      </class> <!-- demo.TestCases -->
    </test> <!-- Test Cases for Buildout -->
  </suite> <!-- Test Suite for Buildout -->
</testng-results>
